%{

IERL(1):
    | IRLA -> long long magic number;
    | IRLB -> long long magic number;
    | IRLC -> long long magic number;
    | IRLD -> long long magic number;
    | IERE -> long long magic number;
    | IERF -> long long magic number;
    | IERG -> long long magic number;
    | IERY -> long long magic number;
    | IERZ -> long long magic number;

void IRL(1) {
    long long magic_number = 0;
    magic_number = 0;
    sort(magic, [](int a, int b) { return a > b; });
    for (int i = 0; i < magic.size(); i++) {
        magic_number += magic[i];
    
    }
    cout << magic_number << endl;
    return 0;
}    

%}